android/build/intermediates/manifest_merge_blame_file/debug/manifest-merger-blame-debug-report.txt
1<?xml version="1.0" encoding="utf-8"?>
2<manifest xmlns:android="http://schemas.android.com/apk/res/android"
3    xmlns:tools="http://schemas.android.com/tools"
4    package="com.lesimoes.androidnotificationlistener"
5    android:versionCode="1"
6    android:versionName="1.0" >
7
8    <uses-sdk
9        android:minSdkVersion="16"
9-->src\main\AndroidManifest.xml
10        android:targetSdkVersion="29" />
10-->src\main\AndroidManifest.xml
11
12    <uses-permission
12-->src\main\AndroidManifest.xml:5:5-6:47
13        android:name="android.permission.BIND_NOTIFICATION_LISTENER_SERVICE"
13-->src\main\AndroidManifest.xml:5:22-90
14        tools:ignore="ProtectedPermissions" />
14-->src\main\AndroidManifest.xml:6:9-44
15    <uses-permission android:name="android.permission.READ_PHONE_STATE" />
15-->src\main\AndroidManifest.xml:7:5-74
15-->src\main\AndroidManifest.xml:7:22-72
16    <uses-permission android:name="android.permission.RECEIVE_BOOT_COMPLETED" />
16-->src\main\AndroidManifest.xml:8:5-81
16-->src\main\AndroidManifest.xml:8:22-78
17    <uses-permission android:name="android.permission.WAKE_LOCK" />
17-->src\main\AndroidManifest.xml:9:5-68
17-->src\main\AndroidManifest.xml:9:22-65
18    <uses-permission android:name="android.permission.FOREGROUND_SERVICE" />
18-->src\main\AndroidManifest.xml:10:5-77
18-->src\main\AndroidManifest.xml:10:22-74
19
20    <application android:allowBackup="false" >
20-->src\main\AndroidManifest.xml:12:5-33:19
20-->src\main\AndroidManifest.xml:13:9-36
21        <service
21-->src\main\AndroidManifest.xml:14:9-20:19
22            android:name="com.lesimoes.androidnotificationlistener.RNAndroidNotificationListener"
22-->src\main\AndroidManifest.xml:15:13-58
23            android:permission="android.permission.BIND_NOTIFICATION_LISTENER_SERVICE" >
23-->src\main\AndroidManifest.xml:16:13-87
24            <intent-filter>
24-->src\main\AndroidManifest.xml:17:13-19:29
25                <action android:name="android.service.notification.NotificationListenerService" />
25-->src\main\AndroidManifest.xml:18:17-99
25-->src\main\AndroidManifest.xml:18:25-96
26            </intent-filter>
27        </service>
28        <service android:name="com.lesimoes.androidnotificationlistener.RNAndroidNotificationListenerHeadlessJsTaskService" />
28-->src\main\AndroidManifest.xml:22:9-127
28-->src\main\AndroidManifest.xml:22:18-124
29
30        <receiver
30-->src\main\AndroidManifest.xml:24:9-32:20
31            android:name="com.lesimoes.androidnotificationlistener.BootUpReceiver"
31-->src\main\AndroidManifest.xml:25:13-83
32            android:enabled="true"
32-->src\main\AndroidManifest.xml:26:13-35
33            android:permission="android.permission.RECEIVE_BOOT_COMPLETED" >
33-->src\main\AndroidManifest.xml:27:13-75
34            <intent-filter>
34-->src\main\AndroidManifest.xml:28:13-31:29
35                <action android:name="android.intent.action.BOOT_COMPLETED" />
35-->src\main\AndroidManifest.xml:29:17-79
35-->src\main\AndroidManifest.xml:29:25-76
36
37                <category android:name="android.intent.category.DEFAULT" />
37-->src\main\AndroidManifest.xml:30:17-76
37-->src\main\AndroidManifest.xml:30:27-73
38            </intent-filter>
39        </receiver>
40    </application>
41
42</manifest>